Copyright 1986-2018 Xilinx, Inc. All Rights Reserved.
--------------------------------------------------------------------------------------------------------------------------------------------------------------------------------
| Tool Version : Vivado v.2018.2 (win64) Build 2258646 Thu Jun 14 20:03:12 MDT 2018
| Date         : Wed Aug 17 12:28:36 2022
| Host         : DESKTOP-L4ECDIC running 64-bit major release  (build 9200)
| Command      : report_timing_summary -max_paths 10 -file CPU_timing_summary_routed.rpt -pb CPU_timing_summary_routed.pb -rpx CPU_timing_summary_routed.rpx -warn_on_violation
| Design       : CPU
| Device       : 7a35t-cpg236
| Speed File   : -1  PRODUCTION 1.22 2018-03-21
--------------------------------------------------------------------------------------------------------------------------------------------------------------------------------

Timing Summary Report

------------------------------------------------------------------------------------------------
| Timer Settings
| --------------
------------------------------------------------------------------------------------------------

  Enable Multi Corner Analysis               :  Yes
  Enable Pessimism Removal                   :  Yes
  Pessimism Removal Resolution               :  Nearest Common Node
  Enable Input Delay Default Clock           :  No
  Enable Preset / Clear Arcs                 :  No
  Disable Flight Delays                      :  No
  Ignore I/O Paths                           :  No
  Timing Early Launch at Borrowing Latches   :  false

  Corner  Analyze    Analyze    
  Name    Max Paths  Min Paths  
  ------  ---------  ---------  
  Slow    Yes        Yes        
  Fast    Yes        Yes        



check_timing report

Table of Contents
-----------------
1. checking no_clock
2. checking constant_clock
3. checking pulse_width_clock
4. checking unconstrained_internal_endpoints
5. checking no_input_delay
6. checking no_output_delay
7. checking multiple_clock
8. checking generated_clocks
9. checking loops
10. checking partial_input_delay
11. checking partial_output_delay
12. checking latch_loops

1. checking no_clock
--------------------
 There are 18 register/latch pins with no clock driven by root clock pin: Slow_Clk_0/Clk_out_reg/Q (HIGH)


2. checking constant_clock
--------------------------
 There are 0 register/latch pins with constant_clock.


3. checking pulse_width_clock
-----------------------------
 There are 0 register/latch pins which need pulse_width check


4. checking unconstrained_internal_endpoints
--------------------------------------------
 There are 42 pins that are not constrained for maximum delay. (HIGH)

 There are 0 pins that are not constrained for maximum delay due to constant clock.


5. checking no_input_delay
--------------------------
 There is 1 input port with no input delay specified. (HIGH)

 There are 0 input ports with no input delay but user has a false path constraint.


6. checking no_output_delay
---------------------------
 There are 14 ports with no output delay specified. (HIGH)

 There are 0 ports with no output delay but user has a false path constraint

 There are 0 ports with no output delay but with a timing clock defined on it or propagating through it


7. checking multiple_clock
--------------------------
 There are 0 register/latch pins with multiple clocks.


8. checking generated_clocks
----------------------------
 There are 0 generated clocks that are not connected to a clock source.


9. checking loops
-----------------
 There are 0 combinational loops in the design.


10. checking partial_input_delay
--------------------------------
 There are 0 input ports with partial input delay specified.


11. checking partial_output_delay
---------------------------------
 There are 0 ports with partial output delay specified.


12. checking latch_loops
------------------------
 There are 0 combinational latch loops in the design through latch input



------------------------------------------------------------------------------------------------
| Design Timing Summary
| ---------------------
------------------------------------------------------------------------------------------------

    WNS(ns)      TNS(ns)  TNS Failing Endpoints  TNS Total Endpoints      WHS(ns)      THS(ns)  THS Failing Endpoints  THS Total Endpoints     WPWS(ns)     TPWS(ns)  TPWS Failing Endpoints  TPWS Total Endpoints  
    -------      -------  ---------------------  -------------------      -------      -------  ---------------------  -------------------     --------     --------  ----------------------  --------------------  
      5.122        0.000                      0                   65        0.264        0.000                      0                   65        4.500        0.000                       0                    35  


All user specified timing constraints are met.


------------------------------------------------------------------------------------------------
| Clock Summary
| -------------
------------------------------------------------------------------------------------------------

Clock        Waveform(ns)       Period(ns)      Frequency(MHz)
-----        ------------       ----------      --------------
sys_clk_pin  {0.000 5.000}      10.000          100.000         


------------------------------------------------------------------------------------------------
| Intra Clock Table
| -----------------
------------------------------------------------------------------------------------------------

Clock             WNS(ns)      TNS(ns)  TNS Failing Endpoints  TNS Total Endpoints      WHS(ns)      THS(ns)  THS Failing Endpoints  THS Total Endpoints     WPWS(ns)     TPWS(ns)  TPWS Failing Endpoints  TPWS Total Endpoints  
-----             -------      -------  ---------------------  -------------------      -------      -------  ---------------------  -------------------     --------     --------  ----------------------  --------------------  
sys_clk_pin         5.122        0.000                      0                   65        0.264        0.000                      0                   65        4.500        0.000                       0                    35  


------------------------------------------------------------------------------------------------
| Inter Clock Table
| -----------------
------------------------------------------------------------------------------------------------

From Clock    To Clock          WNS(ns)      TNS(ns)  TNS Failing Endpoints  TNS Total Endpoints      WHS(ns)      THS(ns)  THS Failing Endpoints  THS Total Endpoints  
----------    --------          -------      -------  ---------------------  -------------------      -------      -------  ---------------------  -------------------  


------------------------------------------------------------------------------------------------
| Other Path Groups Table
| -----------------------
------------------------------------------------------------------------------------------------

Path Group    From Clock    To Clock          WNS(ns)      TNS(ns)  TNS Failing Endpoints  TNS Total Endpoints      WHS(ns)      THS(ns)  THS Failing Endpoints  THS Total Endpoints  
----------    ----------    --------          -------      -------  ---------------------  -------------------      -------      -------  ---------------------  -------------------  


------------------------------------------------------------------------------------------------
| Timing Details
| --------------
------------------------------------------------------------------------------------------------


---------------------------------------------------------------------------------------------------
From Clock:  sys_clk_pin
  To Clock:  sys_clk_pin

Setup :            0  Failing Endpoints,  Worst Slack        5.122ns,  Total Violation        0.000ns
Hold  :            0  Failing Endpoints,  Worst Slack        0.264ns,  Total Violation        0.000ns
PW    :            0  Failing Endpoints,  Worst Slack        4.500ns,  Total Violation        0.000ns
---------------------------------------------------------------------------------------------------


Max Delay Paths
--------------------------------------------------------------------------------------
Slack (MET) :             5.122ns  (required time - arrival time)
  Source:                 Slow_Clk_0/count_reg[19]/C
                            (rising edge-triggered cell FDRE clocked by sys_clk_pin  {rise@0.000ns fall@5.000ns period=10.000ns})
  Destination:            Slow_Clk_0/count_reg[29]/R
                            (rising edge-triggered cell FDRE clocked by sys_clk_pin  {rise@0.000ns fall@5.000ns period=10.000ns})
  Path Group:             sys_clk_pin
  Path Type:              Setup (Max at Slow Process Corner)
  Requirement:            10.000ns  (sys_clk_pin rise@10.000ns - sys_clk_pin rise@0.000ns)
  Data Path Delay:        4.394ns  (logic 0.828ns (18.842%)  route 3.566ns (81.158%))
  Logic Levels:           3  (LUT4=2 LUT6=1)
  Clock Path Skew:        -0.019ns (DCD - SCD + CPR)
    Destination Clock Delay (DCD):    4.848ns = ( 14.848 - 10.000 ) 
    Source Clock Delay      (SCD):    5.141ns
    Clock Pessimism Removal (CPR):    0.274ns
  Clock Uncertainty:      0.035ns  ((TSJ^2 + TIJ^2)^1/2 + DJ) / 2 + PE
    Total System Jitter     (TSJ):    0.071ns
    Total Input Jitter      (TIJ):    0.000ns
    Discrete Jitter          (DJ):    0.000ns
    Phase Error              (PE):    0.000ns

    Location             Delay type                Incr(ns)  Path(ns)    Netlist Resource(s)
  -------------------------------------------------------------------    -------------------
                         (clock sys_clk_pin rise edge)
                                                      0.000     0.000 r  
    W5                                                0.000     0.000 r  Clk (IN)
                         net (fo=0)                   0.000     0.000    Clk
    W5                   IBUF (Prop_ibuf_I_O)         1.458     1.458 r  Clk_IBUF_inst/O
                         net (fo=1, routed)           1.967     3.425    Clk_IBUF
    BUFGCTRL_X0Y0        BUFG (Prop_bufg_I_O)         0.096     3.521 r  Clk_IBUF_BUFG_inst/O
                         net (fo=34, routed)          1.620     5.141    Slow_Clk_0/Clk_IBUF_BUFG
    SLICE_X58Y27         FDRE                                         r  Slow_Clk_0/count_reg[19]/C
  -------------------------------------------------------------------    -------------------
    SLICE_X58Y27         FDRE (Prop_fdre_C_Q)         0.456     5.597 f  Slow_Clk_0/count_reg[19]/Q
                         net (fo=2, routed)           0.860     6.457    Slow_Clk_0/count[19]
    SLICE_X59Y27         LUT4 (Prop_lut4_I0_O)        0.124     6.581 f  Slow_Clk_0/count[0]_i_6/O
                         net (fo=1, routed)           0.634     7.215    Slow_Clk_0/count[0]_i_6_n_0
    SLICE_X59Y28         LUT6 (Prop_lut6_I1_O)        0.124     7.339 f  Slow_Clk_0/count[0]_i_2/O
                         net (fo=4, routed)           0.795     8.135    Slow_Clk_0/count[0]_i_2_n_0
    SLICE_X59Y23         LUT4 (Prop_lut4_I1_O)        0.124     8.259 r  Slow_Clk_0/count[31]_i_1/O
                         net (fo=31, routed)          1.277     9.536    Slow_Clk_0/count[31]_i_1_n_0
    SLICE_X58Y30         FDRE                                         r  Slow_Clk_0/count_reg[29]/R
  -------------------------------------------------------------------    -------------------

                         (clock sys_clk_pin rise edge)
                                                     10.000    10.000 r  
    W5                                                0.000    10.000 r  Clk (IN)
                         net (fo=0)                   0.000    10.000    Clk
    W5                   IBUF (Prop_ibuf_I_O)         1.388    11.388 r  Clk_IBUF_inst/O
                         net (fo=1, routed)           1.862    13.250    Clk_IBUF
    BUFGCTRL_X0Y0        BUFG (Prop_bufg_I_O)         0.091    13.341 r  Clk_IBUF_BUFG_inst/O
                         net (fo=34, routed)          1.507    14.848    Slow_Clk_0/Clk_IBUF_BUFG
    SLICE_X58Y30         FDRE                                         r  Slow_Clk_0/count_reg[29]/C
                         clock pessimism              0.274    15.122    
                         clock uncertainty           -0.035    15.087    
    SLICE_X58Y30         FDRE (Setup_fdre_C_R)       -0.429    14.658    Slow_Clk_0/count_reg[29]
  -------------------------------------------------------------------
                         required time                         14.658    
                         arrival time                          -9.536    
  -------------------------------------------------------------------
                         slack                                  5.122    

Slack (MET) :             5.122ns  (required time - arrival time)
  Source:                 Slow_Clk_0/count_reg[19]/C
                            (rising edge-triggered cell FDRE clocked by sys_clk_pin  {rise@0.000ns fall@5.000ns period=10.000ns})
  Destination:            Slow_Clk_0/count_reg[30]/R
                            (rising edge-triggered cell FDRE clocked by sys_clk_pin  {rise@0.000ns fall@5.000ns period=10.000ns})
  Path Group:             sys_clk_pin
  Path Type:              Setup (Max at Slow Process Corner)
  Requirement:            10.000ns  (sys_clk_pin rise@10.000ns - sys_clk_pin rise@0.000ns)
  Data Path Delay:        4.394ns  (logic 0.828ns (18.842%)  route 3.566ns (81.158%))
  Logic Levels:           3  (LUT4=2 LUT6=1)
  Clock Path Skew:        -0.019ns (DCD - SCD + CPR)
    Destination Clock Delay (DCD):    4.848ns = ( 14.848 - 10.000 ) 
    Source Clock Delay      (SCD):    5.141ns
    Clock Pessimism Removal (CPR):    0.274ns
  Clock Uncertainty:      0.035ns  ((TSJ^2 + TIJ^2)^1/2 + DJ) / 2 + PE
    Total System Jitter     (TSJ):    0.071ns
    Total Input Jitter      (TIJ):    0.000ns
    Discrete Jitter          (DJ):    0.000ns
    Phase Error              (PE):    0.000ns

    Location             Delay type                Incr(ns)  Path(ns)    Netlist Resource(s)
  -------------------------------------------------------------------    -------------------
                         (clock sys_clk_pin rise edge)
                                                      0.000     0.000 r  
    W5                                                0.000     0.000 r  Clk (IN)
                         net (fo=0)                   0.000     0.000    Clk
    W5                   IBUF (Prop_ibuf_I_O)         1.458     1.458 r  Clk_IBUF_inst/O
                         net (fo=1, routed)           1.967     3.425    Clk_IBUF
    BUFGCTRL_X0Y0        BUFG (Prop_bufg_I_O)         0.096     3.521 r  Clk_IBUF_BUFG_inst/O
                         net (fo=34, routed)          1.620     5.141    Slow_Clk_0/Clk_IBUF_BUFG
    SLICE_X58Y27         FDRE                                         r  Slow_Clk_0/count_reg[19]/C
  -------------------------------------------------------------------    -------------------
    SLICE_X58Y27         FDRE (Prop_fdre_C_Q)         0.456     5.597 f  Slow_Clk_0/count_reg[19]/Q
                         net (fo=2, routed)           0.860     6.457    Slow_Clk_0/count[19]
    SLICE_X59Y27         LUT4 (Prop_lut4_I0_O)        0.124     6.581 f  Slow_Clk_0/count[0]_i_6/O
                         net (fo=1, routed)           0.634     7.215    Slow_Clk_0/count[0]_i_6_n_0
    SLICE_X59Y28         LUT6 (Prop_lut6_I1_O)        0.124     7.339 f  Slow_Clk_0/count[0]_i_2/O
                         net (fo=4, routed)           0.795     8.135    Slow_Clk_0/count[0]_i_2_n_0
    SLICE_X59Y23         LUT4 (Prop_lut4_I1_O)        0.124     8.259 r  Slow_Clk_0/count[31]_i_1/O
                         net (fo=31, routed)          1.277     9.536    Slow_Clk_0/count[31]_i_1_n_0
    SLICE_X58Y30         FDRE                                         r  Slow_Clk_0/count_reg[30]/R
  -------------------------------------------------------------------    -------------------

                         (clock sys_clk_pin rise edge)
                                                     10.000    10.000 r  
    W5                                                0.000    10.000 r  Clk (IN)
                         net (fo=0)                   0.000    10.000    Clk
    W5                   IBUF (Prop_ibuf_I_O)         1.388    11.388 r  Clk_IBUF_inst/O
                         net (fo=1, routed)           1.862    13.250    Clk_IBUF
    BUFGCTRL_X0Y0        BUFG (Prop_bufg_I_O)         0.091    13.341 r  Clk_IBUF_BUFG_inst/O
                         net (fo=34, routed)          1.507    14.848    Slow_Clk_0/Clk_IBUF_BUFG
    SLICE_X58Y30         FDRE                                         r  Slow_Clk_0/count_reg[30]/C
                         clock pessimism              0.274    15.122    
                         clock uncertainty           -0.035    15.087    
    SLICE_X58Y30         FDRE (Setup_fdre_C_R)       -0.429    14.658    Slow_Clk_0/count_reg[30]
  -------------------------------------------------------------------
                         required time                         14.658    
                         arrival time                          -9.536    
  -------------------------------------------------------------------
                         slack                                  5.122    

Slack (MET) :             5.122ns  (required time - arrival time)
  Source:                 Slow_Clk_0/count_reg[19]/C
                            (rising edge-triggered cell FDRE clocked by sys_clk_pin  {rise@0.000ns fall@5.000ns period=10.000ns})
  Destination:            Slow_Clk_0/count_reg[31]/R
                            (rising edge-triggered cell FDRE clocked by sys_clk_pin  {rise@0.000ns fall@5.000ns period=10.000ns})
  Path Group:             sys_clk_pin
  Path Type:              Setup (Max at Slow Process Corner)
  Requirement:            10.000ns  (sys_clk_pin rise@10.000ns - sys_clk_pin rise@0.000ns)
  Data Path Delay:        4.394ns  (logic 0.828ns (18.842%)  route 3.566ns (81.158%))
  Logic Levels:           3  (LUT4=2 LUT6=1)
  Clock Path Skew:        -0.019ns (DCD - SCD + CPR)
    Destination Clock Delay (DCD):    4.848ns = ( 14.848 - 10.000 ) 
    Source Clock Delay      (SCD):    5.141ns
    Clock Pessimism Removal (CPR):    0.274ns
  Clock Uncertainty:      0.035ns  ((TSJ^2 + TIJ^2)^1/2 + DJ) / 2 + PE
    Total System Jitter     (TSJ):    0.071ns
    Total Input Jitter      (TIJ):    0.000ns
    Discrete Jitter          (DJ):    0.000ns
    Phase Error              (PE):    0.000ns

    Location             Delay type                Incr(ns)  Path(ns)    Netlist Resource(s)
  -------------------------------------------------------------------    -------------------
                         (clock sys_clk_pin rise edge)
                                                      0.000     0.000 r  
    W5                                                0.000     0.000 r  Clk (IN)
                         net (fo=0)                   0.000     0.000    Clk
    W5                   IBUF (Prop_ibuf_I_O)         1.458     1.458 r  Clk_IBUF_inst/O
                         net (fo=1, routed)           1.967     3.425    Clk_IBUF
    BUFGCTRL_X0Y0        BUFG (Prop_bufg_I_O)         0.096     3.521 r  Clk_IBUF_BUFG_inst/O
                         net (fo=34, routed)          1.620     5.141    Slow_Clk_0/Clk_IBUF_BUFG
    SLICE_X58Y27         FDRE                                         r  Slow_Clk_0/count_reg[19]/C
  -------------------------------------------------------------------    -------------------
    SLICE_X58Y27         FDRE (Prop_fdre_C_Q)         0.456     5.597 f  Slow_Clk_0/count_reg[19]/Q
                         net (fo=2, routed)           0.860     6.457    Slow_Clk_0/count[19]
    SLICE_X59Y27         LUT4 (Prop_lut4_I0_O)        0.124     6.581 f  Slow_Clk_0/count[0]_i_6/O
                         net (fo=1, routed)           0.634     7.215    Slow_Clk_0/count[0]_i_6_n_0
    SLICE_X59Y28         LUT6 (Prop_lut6_I1_O)        0.124     7.339 f  Slow_Clk_0/count[0]_i_2/O
                         net (fo=4, routed)           0.795     8.135    Slow_Clk_0/count[0]_i_2_n_0
    SLICE_X59Y23         LUT4 (Prop_lut4_I1_O)        0.124     8.259 r  Slow_Clk_0/count[31]_i_1/O
                         net (fo=31, routed)          1.277     9.536    Slow_Clk_0/count[31]_i_1_n_0
    SLICE_X58Y30         FDRE                                         r  Slow_Clk_0/count_reg[31]/R
  -------------------------------------------------------------------    -------------------

                         (clock sys_clk_pin rise edge)
                                                     10.000    10.000 r  
    W5                                                0.000    10.000 r  Clk (IN)
                         net (fo=0)                   0.000    10.000    Clk
    W5                   IBUF (Prop_ibuf_I_O)         1.388    11.388 r  Clk_IBUF_inst/O
                         net (fo=1, routed)           1.862    13.250    Clk_IBUF
    BUFGCTRL_X0Y0        BUFG (Prop_bufg_I_O)         0.091    13.341 r  Clk_IBUF_BUFG_inst/O
                         net (fo=34, routed)          1.507    14.848    Slow_Clk_0/Clk_IBUF_BUFG
    SLICE_X58Y30         FDRE                                         r  Slow_Clk_0/count_reg[31]/C
                         clock pessimism              0.274    15.122    
                         clock uncertainty           -0.035    15.087    
    SLICE_X58Y30         FDRE (Setup_fdre_C_R)       -0.429    14.658    Slow_Clk_0/count_reg[31]
  -------------------------------------------------------------------
                         required time                         14.658    
                         arrival time                          -9.536    
  -------------------------------------------------------------------
                         slack                                  5.122    

Slack (MET) :             5.261ns  (required time - arrival time)
  Source:                 Slow_Clk_0/count_reg[19]/C
                            (rising edge-triggered cell FDRE clocked by sys_clk_pin  {rise@0.000ns fall@5.000ns period=10.000ns})
  Destination:            Slow_Clk_0/count_reg[25]/R
                            (rising edge-triggered cell FDRE clocked by sys_clk_pin  {rise@0.000ns fall@5.000ns period=10.000ns})
  Path Group:             sys_clk_pin
  Path Type:              Setup (Max at Slow Process Corner)
  Requirement:            10.000ns  (sys_clk_pin rise@10.000ns - sys_clk_pin rise@0.000ns)
  Data Path Delay:        4.256ns  (logic 0.828ns (19.455%)  route 3.428ns (80.545%))
  Logic Levels:           3  (LUT4=2 LUT6=1)
  Clock Path Skew:        -0.019ns (DCD - SCD + CPR)
    Destination Clock Delay (DCD):    4.848ns = ( 14.848 - 10.000 ) 
    Source Clock Delay      (SCD):    5.141ns
    Clock Pessimism Removal (CPR):    0.274ns
  Clock Uncertainty:      0.035ns  ((TSJ^2 + TIJ^2)^1/2 + DJ) / 2 + PE
    Total System Jitter     (TSJ):    0.071ns
    Total Input Jitter      (TIJ):    0.000ns
    Discrete Jitter          (DJ):    0.000ns
    Phase Error              (PE):    0.000ns

    Location             Delay type                Incr(ns)  Path(ns)    Netlist Resource(s)
  -------------------------------------------------------------------    -------------------
                         (clock sys_clk_pin rise edge)
                                                      0.000     0.000 r  
    W5                                                0.000     0.000 r  Clk (IN)
                         net (fo=0)                   0.000     0.000    Clk
    W5                   IBUF (Prop_ibuf_I_O)         1.458     1.458 r  Clk_IBUF_inst/O
                         net (fo=1, routed)           1.967     3.425    Clk_IBUF
    BUFGCTRL_X0Y0        BUFG (Prop_bufg_I_O)         0.096     3.521 r  Clk_IBUF_BUFG_inst/O
                         net (fo=34, routed)          1.620     5.141    Slow_Clk_0/Clk_IBUF_BUFG
    SLICE_X58Y27         FDRE                                         r  Slow_Clk_0/count_reg[19]/C
  -------------------------------------------------------------------    -------------------
    SLICE_X58Y27         FDRE (Prop_fdre_C_Q)         0.456     5.597 f  Slow_Clk_0/count_reg[19]/Q
                         net (fo=2, routed)           0.860     6.457    Slow_Clk_0/count[19]
    SLICE_X59Y27         LUT4 (Prop_lut4_I0_O)        0.124     6.581 f  Slow_Clk_0/count[0]_i_6/O
                         net (fo=1, routed)           0.634     7.215    Slow_Clk_0/count[0]_i_6_n_0
    SLICE_X59Y28         LUT6 (Prop_lut6_I1_O)        0.124     7.339 f  Slow_Clk_0/count[0]_i_2/O
                         net (fo=4, routed)           0.795     8.135    Slow_Clk_0/count[0]_i_2_n_0
    SLICE_X59Y23         LUT4 (Prop_lut4_I1_O)        0.124     8.259 r  Slow_Clk_0/count[31]_i_1/O
                         net (fo=31, routed)          1.138     9.397    Slow_Clk_0/count[31]_i_1_n_0
    SLICE_X58Y29         FDRE                                         r  Slow_Clk_0/count_reg[25]/R
  -------------------------------------------------------------------    -------------------

                         (clock sys_clk_pin rise edge)
                                                     10.000    10.000 r  
    W5                                                0.000    10.000 r  Clk (IN)
                         net (fo=0)                   0.000    10.000    Clk
    W5                   IBUF (Prop_ibuf_I_O)         1.388    11.388 r  Clk_IBUF_inst/O
                         net (fo=1, routed)           1.862    13.250    Clk_IBUF
    BUFGCTRL_X0Y0        BUFG (Prop_bufg_I_O)         0.091    13.341 r  Clk_IBUF_BUFG_inst/O
                         net (fo=34, routed)          1.507    14.848    Slow_Clk_0/Clk_IBUF_BUFG
    SLICE_X58Y29         FDRE                                         r  Slow_Clk_0/count_reg[25]/C
                         clock pessimism              0.274    15.122    
                         clock uncertainty           -0.035    15.087    
    SLICE_X58Y29         FDRE (Setup_fdre_C_R)       -0.429    14.658    Slow_Clk_0/count_reg[25]
  -------------------------------------------------------------------
                         required time                         14.658    
                         arrival time                          -9.397    
  -------------------------------------------------------------------
                         slack                                  5.261    

Slack (MET) :             5.261ns  (required time - arrival time)
  Source:                 Slow_Clk_0/count_reg[19]/C
                            (rising edge-triggered cell FDRE clocked by sys_clk_pin  {rise@0.000ns fall@5.000ns period=10.000ns})
  Destination:            Slow_Clk_0/count_reg[26]/R
                            (rising edge-triggered cell FDRE clocked by sys_clk_pin  {rise@0.000ns fall@5.000ns period=10.000ns})
  Path Group:             sys_clk_pin
  Path Type:              Setup (Max at Slow Process Corner)
  Requirement:            10.000ns  (sys_clk_pin rise@10.000ns - sys_clk_pin rise@0.000ns)
  Data Path Delay:        4.256ns  (logic 0.828ns (19.455%)  route 3.428ns (80.545%))
  Logic Levels:           3  (LUT4=2 LUT6=1)
  Clock Path Skew:        -0.019ns (DCD - SCD + CPR)
    Destination Clock Delay (DCD):    4.848ns = ( 14.848 - 10.000 ) 
    Source Clock Delay      (SCD):    5.141ns
    Clock Pessimism Removal (CPR):    0.274ns
  Clock Uncertainty:      0.035ns  ((TSJ^2 + TIJ^2)^1/2 + DJ) / 2 + PE
    Total System Jitter     (TSJ):    0.071ns
    Total Input Jitter      (TIJ):    0.000ns
    Discrete Jitter          (DJ):    0.000ns
    Phase Error              (PE):    0.000ns

    Location             Delay type                Incr(ns)  Path(ns)    Netlist Resource(s)
  -------------------------------------------------------------------    -------------------
                         (clock sys_clk_pin rise edge)
                                                      0.000     0.000 r  
    W5                                                0.000     0.000 r  Clk (IN)
                         net (fo=0)                   0.000     0.000    Clk
    W5                   IBUF (Prop_ibuf_I_O)         1.458     1.458 r  Clk_IBUF_inst/O
                         net (fo=1, routed)           1.967     3.425    Clk_IBUF
    BUFGCTRL_X0Y0        BUFG (Prop_bufg_I_O)         0.096     3.521 r  Clk_IBUF_BUFG_inst/O
                         net (fo=34, routed)          1.620     5.141    Slow_Clk_0/Clk_IBUF_BUFG
    SLICE_X58Y27         FDRE                                         r  Slow_Clk_0/count_reg[19]/C
  -------------------------------------------------------------------    -------------------
    SLICE_X58Y27         FDRE (Prop_fdre_C_Q)         0.456     5.597 f  Slow_Clk_0/count_reg[19]/Q
                         net (fo=2, routed)           0.860     6.457    Slow_Clk_0/count[19]
    SLICE_X59Y27         LUT4 (Prop_lut4_I0_O)        0.124     6.581 f  Slow_Clk_0/count[0]_i_6/O
                         net (fo=1, routed)           0.634     7.215    Slow_Clk_0/count[0]_i_6_n_0
    SLICE_X59Y28         LUT6 (Prop_lut6_I1_O)        0.124     7.339 f  Slow_Clk_0/count[0]_i_2/O
                         net (fo=4, routed)           0.795     8.135    Slow_Clk_0/count[0]_i_2_n_0
    SLICE_X59Y23         LUT4 (Prop_lut4_I1_O)        0.124     8.259 r  Slow_Clk_0/count[31]_i_1/O
                         net (fo=31, routed)          1.138     9.397    Slow_Clk_0/count[31]_i_1_n_0
    SLICE_X58Y29         FDRE                                         r  Slow_Clk_0/count_reg[26]/R
  -------------------------------------------------------------------    -------------------

                         (clock sys_clk_pin rise edge)
                                                     10.000    10.000 r  
    W5                                                0.000    10.000 r  Clk (IN)
                         net (fo=0)                   0.000    10.000    Clk
    W5                   IBUF (Prop_ibuf_I_O)         1.388    11.388 r  Clk_IBUF_inst/O
                         net (fo=1, routed)           1.862    13.250    Clk_IBUF
    BUFGCTRL_X0Y0        BUFG (Prop_bufg_I_O)         0.091    13.341 r  Clk_IBUF_BUFG_inst/O
                         net (fo=34, routed)          1.507    14.848    Slow_Clk_0/Clk_IBUF_BUFG
    SLICE_X58Y29         FDRE                                         r  Slow_Clk_0/count_reg[26]/C
                         clock pessimism              0.274    15.122    
                         clock uncertainty           -0.035    15.087    
    SLICE_X58Y29         FDRE (Setup_fdre_C_R)       -0.429    14.658    Slow_Clk_0/count_reg[26]
  -------------------------------------------------------------------
                         required time                         14.658    
                         arrival time                          -9.397    
  -------------------------------------------------------------------
                         slack                                  5.261    

Slack (MET) :             5.261ns  (required time - arrival time)
  Source:                 Slow_Clk_0/count_reg[19]/C
                            (rising edge-triggered cell FDRE clocked by sys_clk_pin  {rise@0.000ns fall@5.000ns period=10.000ns})
  Destination:            Slow_Clk_0/count_reg[27]/R
                            (rising edge-triggered cell FDRE clocked by sys_clk_pin  {rise@0.000ns fall@5.000ns period=10.000ns})
  Path Group:             sys_clk_pin
  Path Type:              Setup (Max at Slow Process Corner)
  Requirement:            10.000ns  (sys_clk_pin rise@10.000ns - sys_clk_pin rise@0.000ns)
  Data Path Delay:        4.256ns  (logic 0.828ns (19.455%)  route 3.428ns (80.545%))
  Logic Levels:           3  (LUT4=2 LUT6=1)
  Clock Path Skew:        -0.019ns (DCD - SCD + CPR)
    Destination Clock Delay (DCD):    4.848ns = ( 14.848 - 10.000 ) 
    Source Clock Delay      (SCD):    5.141ns
    Clock Pessimism Removal (CPR):    0.274ns
  Clock Uncertainty:      0.035ns  ((TSJ^2 + TIJ^2)^1/2 + DJ) / 2 + PE
    Total System Jitter     (TSJ):    0.071ns
    Total Input Jitter      (TIJ):    0.000ns
    Discrete Jitter          (DJ):    0.000ns
    Phase Error              (PE):    0.000ns

    Location             Delay type                Incr(ns)  Path(ns)    Netlist Resource(s)
  -------------------------------------------------------------------    -------------------
                         (clock sys_clk_pin rise edge)
                                                      0.000     0.000 r  
    W5                                                0.000     0.000 r  Clk (IN)
                         net (fo=0)                   0.000     0.000    Clk
    W5                   IBUF (Prop_ibuf_I_O)         1.458     1.458 r  Clk_IBUF_inst/O
                         net (fo=1, routed)           1.967     3.425    Clk_IBUF
    BUFGCTRL_X0Y0        BUFG (Prop_bufg_I_O)         0.096     3.521 r  Clk_IBUF_BUFG_inst/O
                         net (fo=34, routed)          1.620     5.141    Slow_Clk_0/Clk_IBUF_BUFG
    SLICE_X58Y27         FDRE                                         r  Slow_Clk_0/count_reg[19]/C
  -------------------------------------------------------------------    -------------------
    SLICE_X58Y27         FDRE (Prop_fdre_C_Q)         0.456     5.597 f  Slow_Clk_0/count_reg[19]/Q
                         net (fo=2, routed)           0.860     6.457    Slow_Clk_0/count[19]
    SLICE_X59Y27         LUT4 (Prop_lut4_I0_O)        0.124     6.581 f  Slow_Clk_0/count[0]_i_6/O
                         net (fo=1, routed)           0.634     7.215    Slow_Clk_0/count[0]_i_6_n_0
    SLICE_X59Y28         LUT6 (Prop_lut6_I1_O)        0.124     7.339 f  Slow_Clk_0/count[0]_i_2/O
                         net (fo=4, routed)           0.795     8.135    Slow_Clk_0/count[0]_i_2_n_0
    SLICE_X59Y23         LUT4 (Prop_lut4_I1_O)        0.124     8.259 r  Slow_Clk_0/count[31]_i_1/O
                         net (fo=31, routed)          1.138     9.397    Slow_Clk_0/count[31]_i_1_n_0
    SLICE_X58Y29         FDRE                                         r  Slow_Clk_0/count_reg[27]/R
  -------------------------------------------------------------------    -------------------

                         (clock sys_clk_pin rise edge)
                                                     10.000    10.000 r  
    W5                                                0.000    10.000 r  Clk (IN)
                         net (fo=0)                   0.000    10.000    Clk
    W5                   IBUF (Prop_ibuf_I_O)         1.388    11.388 r  Clk_IBUF_inst/O
                         net (fo=1, routed)           1.862    13.250    Clk_IBUF
    BUFGCTRL_X0Y0        BUFG (Prop_bufg_I_O)         0.091    13.341 r  Clk_IBUF_BUFG_inst/O
                         net (fo=34, routed)          1.507    14.848    Slow_Clk_0/Clk_IBUF_BUFG
    SLICE_X58Y29         FDRE                                         r  Slow_Clk_0/count_reg[27]/C
                         clock pessimism              0.274    15.122    
                         clock uncertainty           -0.035    15.087    
    SLICE_X58Y29         FDRE (Setup_fdre_C_R)       -0.429    14.658    Slow_Clk_0/count_reg[27]
  -------------------------------------------------------------------
                         required time                         14.658    
                         arrival time                          -9.397    
  -------------------------------------------------------------------
                         slack                                  5.261    

Slack (MET) :             5.261ns  (required time - arrival time)
  Source:                 Slow_Clk_0/count_reg[19]/C
                            (rising edge-triggered cell FDRE clocked by sys_clk_pin  {rise@0.000ns fall@5.000ns period=10.000ns})
  Destination:            Slow_Clk_0/count_reg[28]/R
                            (rising edge-triggered cell FDRE clocked by sys_clk_pin  {rise@0.000ns fall@5.000ns period=10.000ns})
  Path Group:             sys_clk_pin
  Path Type:              Setup (Max at Slow Process Corner)
  Requirement:            10.000ns  (sys_clk_pin rise@10.000ns - sys_clk_pin rise@0.000ns)
  Data Path Delay:        4.256ns  (logic 0.828ns (19.455%)  route 3.428ns (80.545%))
  Logic Levels:           3  (LUT4=2 LUT6=1)
  Clock Path Skew:        -0.019ns (DCD - SCD + CPR)
    Destination Clock Delay (DCD):    4.848ns = ( 14.848 - 10.000 ) 
    Source Clock Delay      (SCD):    5.141ns
    Clock Pessimism Removal (CPR):    0.274ns
  Clock Uncertainty:      0.035ns  ((TSJ^2 + TIJ^2)^1/2 + DJ) / 2 + PE
    Total System Jitter     (TSJ):    0.071ns
    Total Input Jitter      (TIJ):    0.000ns
    Discrete Jitter          (DJ):    0.000ns
    Phase Error              (PE):    0.000ns

    Location             Delay type                Incr(ns)  Path(ns)    Netlist Resource(s)
  -------------------------------------------------------------------    -------------------
                         (clock sys_clk_pin rise edge)
                                                      0.000     0.000 r  
    W5                                                0.000     0.000 r  Clk (IN)
                         net (fo=0)                   0.000     0.000    Clk
    W5                   IBUF (Prop_ibuf_I_O)         1.458     1.458 r  Clk_IBUF_inst/O
                         net (fo=1, routed)           1.967     3.425    Clk_IBUF
    BUFGCTRL_X0Y0        BUFG (Prop_bufg_I_O)         0.096     3.521 r  Clk_IBUF_BUFG_inst/O
                         net (fo=34, routed)          1.620     5.141    Slow_Clk_0/Clk_IBUF_BUFG
    SLICE_X58Y27         FDRE                                         r  Slow_Clk_0/count_reg[19]/C
  -------------------------------------------------------------------    -------------------
    SLICE_X58Y27         FDRE (Prop_fdre_C_Q)         0.456     5.597 f  Slow_Clk_0/count_reg[19]/Q
                         net (fo=2, routed)           0.860     6.457    Slow_Clk_0/count[19]
    SLICE_X59Y27         LUT4 (Prop_lut4_I0_O)        0.124     6.581 f  Slow_Clk_0/count[0]_i_6/O
                         net (fo=1, routed)           0.634     7.215    Slow_Clk_0/count[0]_i_6_n_0
    SLICE_X59Y28         LUT6 (Prop_lut6_I1_O)        0.124     7.339 f  Slow_Clk_0/count[0]_i_2/O
                         net (fo=4, routed)           0.795     8.135    Slow_Clk_0/count[0]_i_2_n_0
    SLICE_X59Y23         LUT4 (Prop_lut4_I1_O)        0.124     8.259 r  Slow_Clk_0/count[31]_i_1/O
                         net (fo=31, routed)          1.138     9.397    Slow_Clk_0/count[31]_i_1_n_0
    SLICE_X58Y29         FDRE                                         r  Slow_Clk_0/count_reg[28]/R
  -------------------------------------------------------------------    -------------------

                         (clock sys_clk_pin rise edge)
                                                     10.000    10.000 r  
    W5                                                0.000    10.000 r  Clk (IN)
                         net (fo=0)                   0.000    10.000    Clk
    W5                   IBUF (Prop_ibuf_I_O)         1.388    11.388 r  Clk_IBUF_inst/O
                         net (fo=1, routed)           1.862    13.250    Clk_IBUF
    BUFGCTRL_X0Y0        BUFG (Prop_bufg_I_O)         0.091    13.341 r  Clk_IBUF_BUFG_inst/O
                         net (fo=34, routed)          1.507    14.848    Slow_Clk_0/Clk_IBUF_BUFG
    SLICE_X58Y29         FDRE                                         r  Slow_Clk_0/count_reg[28]/C
                         clock pessimism              0.274    15.122    
                         clock uncertainty           -0.035    15.087    
    SLICE_X58Y29         FDRE (Setup_fdre_C_R)       -0.429    14.658    Slow_Clk_0/count_reg[28]
  -------------------------------------------------------------------
                         required time                         14.658    
                         arrival time                          -9.397    
  -------------------------------------------------------------------
                         slack                                  5.261    

Slack (MET) :             5.408ns  (required time - arrival time)
  Source:                 Slow_Clk_0/count_reg[19]/C
                            (rising edge-triggered cell FDRE clocked by sys_clk_pin  {rise@0.000ns fall@5.000ns period=10.000ns})
  Destination:            Slow_Clk_0/count_reg[21]/R
                            (rising edge-triggered cell FDRE clocked by sys_clk_pin  {rise@0.000ns fall@5.000ns period=10.000ns})
  Path Group:             sys_clk_pin
  Path Type:              Setup (Max at Slow Process Corner)
  Requirement:            10.000ns  (sys_clk_pin rise@10.000ns - sys_clk_pin rise@0.000ns)
  Data Path Delay:        4.108ns  (logic 0.828ns (20.158%)  route 3.280ns (79.842%))
  Logic Levels:           3  (LUT4=2 LUT6=1)
  Clock Path Skew:        -0.020ns (DCD - SCD + CPR)
    Destination Clock Delay (DCD):    4.847ns = ( 14.847 - 10.000 ) 
    Source Clock Delay      (SCD):    5.141ns
    Clock Pessimism Removal (CPR):    0.274ns
  Clock Uncertainty:      0.035ns  ((TSJ^2 + TIJ^2)^1/2 + DJ) / 2 + PE
    Total System Jitter     (TSJ):    0.071ns
    Total Input Jitter      (TIJ):    0.000ns
    Discrete Jitter          (DJ):    0.000ns
    Phase Error              (PE):    0.000ns

    Location             Delay type                Incr(ns)  Path(ns)    Netlist Resource(s)
  -------------------------------------------------------------------    -------------------
                         (clock sys_clk_pin rise edge)
                                                      0.000     0.000 r  
    W5                                                0.000     0.000 r  Clk (IN)
                         net (fo=0)                   0.000     0.000    Clk
    W5                   IBUF (Prop_ibuf_I_O)         1.458     1.458 r  Clk_IBUF_inst/O
                         net (fo=1, routed)           1.967     3.425    Clk_IBUF
    BUFGCTRL_X0Y0        BUFG (Prop_bufg_I_O)         0.096     3.521 r  Clk_IBUF_BUFG_inst/O
                         net (fo=34, routed)          1.620     5.141    Slow_Clk_0/Clk_IBUF_BUFG
    SLICE_X58Y27         FDRE                                         r  Slow_Clk_0/count_reg[19]/C
  -------------------------------------------------------------------    -------------------
    SLICE_X58Y27         FDRE (Prop_fdre_C_Q)         0.456     5.597 f  Slow_Clk_0/count_reg[19]/Q
                         net (fo=2, routed)           0.860     6.457    Slow_Clk_0/count[19]
    SLICE_X59Y27         LUT4 (Prop_lut4_I0_O)        0.124     6.581 f  Slow_Clk_0/count[0]_i_6/O
                         net (fo=1, routed)           0.634     7.215    Slow_Clk_0/count[0]_i_6_n_0
    SLICE_X59Y28         LUT6 (Prop_lut6_I1_O)        0.124     7.339 f  Slow_Clk_0/count[0]_i_2/O
                         net (fo=4, routed)           0.795     8.135    Slow_Clk_0/count[0]_i_2_n_0
    SLICE_X59Y23         LUT4 (Prop_lut4_I1_O)        0.124     8.259 r  Slow_Clk_0/count[31]_i_1/O
                         net (fo=31, routed)          0.990     9.249    Slow_Clk_0/count[31]_i_1_n_0
    SLICE_X58Y28         FDRE                                         r  Slow_Clk_0/count_reg[21]/R
  -------------------------------------------------------------------    -------------------

                         (clock sys_clk_pin rise edge)
                                                     10.000    10.000 r  
    W5                                                0.000    10.000 r  Clk (IN)
                         net (fo=0)                   0.000    10.000    Clk
    W5                   IBUF (Prop_ibuf_I_O)         1.388    11.388 r  Clk_IBUF_inst/O
                         net (fo=1, routed)           1.862    13.250    Clk_IBUF
    BUFGCTRL_X0Y0        BUFG (Prop_bufg_I_O)         0.091    13.341 r  Clk_IBUF_BUFG_inst/O
                         net (fo=34, routed)          1.506    14.847    Slow_Clk_0/Clk_IBUF_BUFG
    SLICE_X58Y28         FDRE                                         r  Slow_Clk_0/count_reg[21]/C
                         clock pessimism              0.274    15.121    
                         clock uncertainty           -0.035    15.086    
    SLICE_X58Y28         FDRE (Setup_fdre_C_R)       -0.429    14.657    Slow_Clk_0/count_reg[21]
  -------------------------------------------------------------------
                         required time                         14.657    
                         arrival time                          -9.249    
  -------------------------------------------------------------------
                         slack                                  5.408    

Slack (MET) :             5.408ns  (required time - arrival time)
  Source:                 Slow_Clk_0/count_reg[19]/C
                            (rising edge-triggered cell FDRE clocked by sys_clk_pin  {rise@0.000ns fall@5.000ns period=10.000ns})
  Destination:            Slow_Clk_0/count_reg[22]/R
                            (rising edge-triggered cell FDRE clocked by sys_clk_pin  {rise@0.000ns fall@5.000ns period=10.000ns})
  Path Group:             sys_clk_pin
  Path Type:              Setup (Max at Slow Process Corner)
  Requirement:            10.000ns  (sys_clk_pin rise@10.000ns - sys_clk_pin rise@0.000ns)
  Data Path Delay:        4.108ns  (logic 0.828ns (20.158%)  route 3.280ns (79.842%))
  Logic Levels:           3  (LUT4=2 LUT6=1)
  Clock Path Skew:        -0.020ns (DCD - SCD + CPR)
    Destination Clock Delay (DCD):    4.847ns = ( 14.847 - 10.000 ) 
    Source Clock Delay      (SCD):    5.141ns
    Clock Pessimism Removal (CPR):    0.274ns
  Clock Uncertainty:      0.035ns  ((TSJ^2 + TIJ^2)^1/2 + DJ) / 2 + PE
    Total System Jitter     (TSJ):    0.071ns
    Total Input Jitter      (TIJ):    0.000ns
    Discrete Jitter          (DJ):    0.000ns
    Phase Error              (PE):    0.000ns

    Location             Delay type                Incr(ns)  Path(ns)    Netlist Resource(s)
  -------------------------------------------------------------------    -------------------
                         (clock sys_clk_pin rise edge)
                                                      0.000     0.000 r  
    W5                                                0.000     0.000 r  Clk (IN)
                         net (fo=0)                   0.000     0.000    Clk
    W5                   IBUF (Prop_ibuf_I_O)         1.458     1.458 r  Clk_IBUF_inst/O
                         net (fo=1, routed)           1.967     3.425    Clk_IBUF
    BUFGCTRL_X0Y0        BUFG (Prop_bufg_I_O)         0.096     3.521 r  Clk_IBUF_BUFG_inst/O
                         net (fo=34, routed)          1.620     5.141    Slow_Clk_0/Clk_IBUF_BUFG
    SLICE_X58Y27         FDRE                                         r  Slow_Clk_0/count_reg[19]/C
  -------------------------------------------------------------------    -------------------
    SLICE_X58Y27         FDRE (Prop_fdre_C_Q)         0.456     5.597 f  Slow_Clk_0/count_reg[19]/Q
                         net (fo=2, routed)           0.860     6.457    Slow_Clk_0/count[19]
    SLICE_X59Y27         LUT4 (Prop_lut4_I0_O)        0.124     6.581 f  Slow_Clk_0/count[0]_i_6/O
                         net (fo=1, routed)           0.634     7.215    Slow_Clk_0/count[0]_i_6_n_0
    SLICE_X59Y28         LUT6 (Prop_lut6_I1_O)        0.124     7.339 f  Slow_Clk_0/count[0]_i_2/O
                         net (fo=4, routed)           0.795     8.135    Slow_Clk_0/count[0]_i_2_n_0
    SLICE_X59Y23         LUT4 (Prop_lut4_I1_O)        0.124     8.259 r  Slow_Clk_0/count[31]_i_1/O
                         net (fo=31, routed)          0.990     9.249    Slow_Clk_0/count[31]_i_1_n_0
    SLICE_X58Y28         FDRE                                         r  Slow_Clk_0/count_reg[22]/R
  -------------------------------------------------------------------    -------------------

                         (clock sys_clk_pin rise edge)
                                                     10.000    10.000 r  
    W5                                                0.000    10.000 r  Clk (IN)
                         net (fo=0)                   0.000    10.000    Clk
    W5                   IBUF (Prop_ibuf_I_O)         1.388    11.388 r  Clk_IBUF_inst/O
                         net (fo=1, routed)           1.862    13.250    Clk_IBUF
    BUFGCTRL_X0Y0        BUFG (Prop_bufg_I_O)         0.091    13.341 r  Clk_IBUF_BUFG_inst/O
                         net (fo=34, routed)          1.506    14.847    Slow_Clk_0/Clk_IBUF_BUFG
    SLICE_X58Y28         FDRE                                         r  Slow_Clk_0/count_reg[22]/C
                         clock pessimism              0.274    15.121    
                         clock uncertainty           -0.035    15.086    
    SLICE_X58Y28         FDRE (Setup_fdre_C_R)       -0.429    14.657    Slow_Clk_0/count_reg[22]
  -------------------------------------------------------------------
                         required time                         14.657    
                         arrival time                          -9.249    
  -------------------------------------------------------------------
                         slack                                  5.408    

Slack (MET) :             5.408ns  (required time - arrival time)
  Source:                 Slow_Clk_0/count_reg[19]/C
                            (rising edge-triggered cell FDRE clocked by sys_clk_pin  {rise@0.000ns fall@5.000ns period=10.000ns})
  Destination:            Slow_Clk_0/count_reg[23]/R
                            (rising edge-triggered cell FDRE clocked by sys_clk_pin  {rise@0.000ns fall@5.000ns period=10.000ns})
  Path Group:             sys_clk_pin
  Path Type:              Setup (Max at Slow Process Corner)
  Requirement:            10.000ns  (sys_clk_pin rise@10.000ns - sys_clk_pin rise@0.000ns)
  Data Path Delay:        4.108ns  (logic 0.828ns (20.158%)  route 3.280ns (79.842%))
  Logic Levels:           3  (LUT4=2 LUT6=1)
  Clock Path Skew:        -0.020ns (DCD - SCD + CPR)
    Destination Clock Delay (DCD):    4.847ns = ( 14.847 - 10.000 ) 
    Source Clock Delay      (SCD):    5.141ns
    Clock Pessimism Removal (CPR):    0.274ns
  Clock Uncertainty:      0.035ns  ((TSJ^2 + TIJ^2)^1/2 + DJ) / 2 + PE
    Total System Jitter     (TSJ):    0.071ns
    Total Input Jitter      (TIJ):    0.000ns
    Discrete Jitter          (DJ):    0.000ns
    Phase Error              (PE):    0.000ns

    Location             Delay type                Incr(ns)  Path(ns)    Netlist Resource(s)
  -------------------------------------------------------------------    -------------------
                         (clock sys_clk_pin rise edge)
                                                      0.000     0.000 r  
    W5                                                0.000     0.000 r  Clk (IN)
                         net (fo=0)                   0.000     0.000    Clk
    W5                   IBUF (Prop_ibuf_I_O)         1.458     1.458 r  Clk_IBUF_inst/O
                         net (fo=1, routed)           1.967     3.425    Clk_IBUF
    BUFGCTRL_X0Y0        BUFG (Prop_bufg_I_O)         0.096     3.521 r  Clk_IBUF_BUFG_inst/O
                         net (fo=34, routed)          1.620     5.141    Slow_Clk_0/Clk_IBUF_BUFG
    SLICE_X58Y27         FDRE                                         r  Slow_Clk_0/count_reg[19]/C
  -------------------------------------------------------------------    -------------------
    SLICE_X58Y27         FDRE (Prop_fdre_C_Q)         0.456     5.597 f  Slow_Clk_0/count_reg[19]/Q
                         net (fo=2, routed)           0.860     6.457    Slow_Clk_0/count[19]
    SLICE_X59Y27         LUT4 (Prop_lut4_I0_O)        0.124     6.581 f  Slow_Clk_0/count[0]_i_6/O
                         net (fo=1, routed)           0.634     7.215    Slow_Clk_0/count[0]_i_6_n_0
    SLICE_X59Y28         LUT6 (Prop_lut6_I1_O)        0.124     7.339 f  Slow_Clk_0/count[0]_i_2/O
                         net (fo=4, routed)           0.795     8.135    Slow_Clk_0/count[0]_i_2_n_0
    SLICE_X59Y23         LUT4 (Prop_lut4_I1_O)        0.124     8.259 r  Slow_Clk_0/count[31]_i_1/O
                         net (fo=31, routed)          0.990     9.249    Slow_Clk_0/count[31]_i_1_n_0
    SLICE_X58Y28         FDRE                                         r  Slow_Clk_0/count_reg[23]/R
  -------------------------------------------------------------------    -------------------

                         (clock sys_clk_pin rise edge)
                                                     10.000    10.000 r  
    W5                                                0.000    10.000 r  Clk (IN)
                         net (fo=0)                   0.000    10.000    Clk
    W5                   IBUF (Prop_ibuf_I_O)         1.388    11.388 r  Clk_IBUF_inst/O
                         net (fo=1, routed)           1.862    13.250    Clk_IBUF
    BUFGCTRL_X0Y0        BUFG (Prop_bufg_I_O)         0.091    13.341 r  Clk_IBUF_BUFG_inst/O
                         net (fo=34, routed)          1.506    14.847    Slow_Clk_0/Clk_IBUF_BUFG
    SLICE_X58Y28         FDRE                                         r  Slow_Clk_0/count_reg[23]/C
                         clock pessimism              0.274    15.121    
                         clock uncertainty           -0.035    15.086    
    SLICE_X58Y28         FDRE (Setup_fdre_C_R)       -0.429    14.657    Slow_Clk_0/count_reg[23]
  -------------------------------------------------------------------
                         required time                         14.657    
                         arrival time                          -9.249    
  -------------------------------------------------------------------
                         slack                                  5.408    





Min Delay Paths
--------------------------------------------------------------------------------------
Slack (MET) :             0.264ns  (arrival time - required time)
  Source:                 Slow_Clk_0/count_reg[2]/C
                            (rising edge-triggered cell FDRE clocked by sys_clk_pin  {rise@0.000ns fall@5.000ns period=10.000ns})
  Destination:            Slow_Clk_0/Clk_out_reg/D
                            (rising edge-triggered cell FDRE clocked by sys_clk_pin  {rise@0.000ns fall@5.000ns period=10.000ns})
  Path Group:             sys_clk_pin
  Path Type:              Hold (Min at Fast Process Corner)
  Requirement:            0.000ns  (sys_clk_pin rise@0.000ns - sys_clk_pin rise@0.000ns)
  Data Path Delay:        0.368ns  (logic 0.231ns (62.809%)  route 0.137ns (37.191%))
  Logic Levels:           2  (LUT5=1 LUT6=1)
  Clock Path Skew:        0.013ns (DCD - SCD - CPR)
    Destination Clock Delay (DCD):    1.976ns
    Source Clock Delay      (SCD):    1.465ns
    Clock Pessimism Removal (CPR):    0.498ns

    Location             Delay type                Incr(ns)  Path(ns)    Netlist Resource(s)
  -------------------------------------------------------------------    -------------------
                         (clock sys_clk_pin rise edge)
                                                      0.000     0.000 r  
    W5                                                0.000     0.000 r  Clk (IN)
                         net (fo=0)                   0.000     0.000    Clk
    W5                   IBUF (Prop_ibuf_I_O)         0.226     0.226 r  Clk_IBUF_inst/O
                         net (fo=1, routed)           0.631     0.858    Clk_IBUF
    BUFGCTRL_X0Y0        BUFG (Prop_bufg_I_O)         0.026     0.884 r  Clk_IBUF_BUFG_inst/O
                         net (fo=34, routed)          0.582     1.465    Slow_Clk_0/Clk_IBUF_BUFG
    SLICE_X58Y23         FDRE                                         r  Slow_Clk_0/count_reg[2]/C
  -------------------------------------------------------------------    -------------------
    SLICE_X58Y23         FDRE (Prop_fdre_C_Q)         0.141     1.606 r  Slow_Clk_0/count_reg[2]/Q
                         net (fo=2, routed)           0.062     1.668    Slow_Clk_0/count[2]
    SLICE_X59Y23         LUT5 (Prop_lut5_I2_O)        0.045     1.713 r  Slow_Clk_0/count[0]_i_3/O
                         net (fo=4, routed)           0.075     1.788    Slow_Clk_0/count[0]_i_3_n_0
    SLICE_X59Y23         LUT6 (Prop_lut6_I2_O)        0.045     1.833 r  Slow_Clk_0/Clk_out_i_1/O
                         net (fo=1, routed)           0.000     1.833    Slow_Clk_0/Clk_out_i_1_n_0
    SLICE_X59Y23         FDRE                                         r  Slow_Clk_0/Clk_out_reg/D
  -------------------------------------------------------------------    -------------------

                         (clock sys_clk_pin rise edge)
                                                      0.000     0.000 r  
    W5                                                0.000     0.000 r  Clk (IN)
                         net (fo=0)                   0.000     0.000    Clk
    W5                   IBUF (Prop_ibuf_I_O)         0.414     0.414 r  Clk_IBUF_inst/O
                         net (fo=1, routed)           0.685     1.099    Clk_IBUF
    BUFGCTRL_X0Y0        BUFG (Prop_bufg_I_O)         0.029     1.128 r  Clk_IBUF_BUFG_inst/O
                         net (fo=34, routed)          0.849     1.976    Slow_Clk_0/Clk_IBUF_BUFG
    SLICE_X59Y23         FDRE                                         r  Slow_Clk_0/Clk_out_reg/C
                         clock pessimism             -0.498     1.478    
    SLICE_X59Y23         FDRE (Hold_fdre_C_D)         0.091     1.569    Slow_Clk_0/Clk_out_reg
  -------------------------------------------------------------------
                         required time                         -1.569    
                         arrival time                           1.833    
  -------------------------------------------------------------------
                         slack                                  0.264    

Slack (MET) :             0.280ns  (arrival time - required time)
  Source:                 Slow_Clk_0/count_reg[11]/C
                            (rising edge-triggered cell FDRE clocked by sys_clk_pin  {rise@0.000ns fall@5.000ns period=10.000ns})
  Destination:            Slow_Clk_0/count_reg[11]/D
                            (rising edge-triggered cell FDRE clocked by sys_clk_pin  {rise@0.000ns fall@5.000ns period=10.000ns})
  Path Group:             sys_clk_pin
  Path Type:              Hold (Min at Fast Process Corner)
  Requirement:            0.000ns  (sys_clk_pin rise@0.000ns - sys_clk_pin rise@0.000ns)
  Data Path Delay:        0.385ns  (logic 0.252ns (65.529%)  route 0.133ns (34.471%))
  Logic Levels:           1  (CARRY4=1)
  Clock Path Skew:        0.000ns (DCD - SCD - CPR)
    Destination Clock Delay (DCD):    1.975ns
    Source Clock Delay      (SCD):    1.464ns
    Clock Pessimism Removal (CPR):    0.511ns

    Location             Delay type                Incr(ns)  Path(ns)    Netlist Resource(s)
  -------------------------------------------------------------------    -------------------
                         (clock sys_clk_pin rise edge)
                                                      0.000     0.000 r  
    W5                                                0.000     0.000 r  Clk (IN)
                         net (fo=0)                   0.000     0.000    Clk
    W5                   IBUF (Prop_ibuf_I_O)         0.226     0.226 r  Clk_IBUF_inst/O
                         net (fo=1, routed)           0.631     0.858    Clk_IBUF
    BUFGCTRL_X0Y0        BUFG (Prop_bufg_I_O)         0.026     0.884 r  Clk_IBUF_BUFG_inst/O
                         net (fo=34, routed)          0.581     1.464    Slow_Clk_0/Clk_IBUF_BUFG
    SLICE_X58Y25         FDRE                                         r  Slow_Clk_0/count_reg[11]/C
  -------------------------------------------------------------------    -------------------
    SLICE_X58Y25         FDRE (Prop_fdre_C_Q)         0.141     1.605 r  Slow_Clk_0/count_reg[11]/Q
                         net (fo=2, routed)           0.133     1.738    Slow_Clk_0/count[11]
    SLICE_X58Y25         CARRY4 (Prop_carry4_S[2]_O[2])
                                                      0.111     1.849 r  Slow_Clk_0/count_reg[12]_i_1/O[2]
                         net (fo=1, routed)           0.000     1.849    Slow_Clk_0/data0[11]
    SLICE_X58Y25         FDRE                                         r  Slow_Clk_0/count_reg[11]/D
  -------------------------------------------------------------------    -------------------

                         (clock sys_clk_pin rise edge)
                                                      0.000     0.000 r  
    W5                                                0.000     0.000 r  Clk (IN)
                         net (fo=0)                   0.000     0.000    Clk
    W5                   IBUF (Prop_ibuf_I_O)         0.414     0.414 r  Clk_IBUF_inst/O
                         net (fo=1, routed)           0.685     1.099    Clk_IBUF
    BUFGCTRL_X0Y0        BUFG (Prop_bufg_I_O)         0.029     1.128 r  Clk_IBUF_BUFG_inst/O
                         net (fo=34, routed)          0.848     1.975    Slow_Clk_0/Clk_IBUF_BUFG
    SLICE_X58Y25         FDRE                                         r  Slow_Clk_0/count_reg[11]/C
                         clock pessimism             -0.511     1.464    
    SLICE_X58Y25         FDRE (Hold_fdre_C_D)         0.105     1.569    Slow_Clk_0/count_reg[11]
  -------------------------------------------------------------------
                         required time                         -1.569    
                         arrival time                           1.849    
  -------------------------------------------------------------------
                         slack                                  0.280    

Slack (MET) :             0.280ns  (arrival time - required time)
  Source:                 Slow_Clk_0/count_reg[3]/C
                            (rising edge-triggered cell FDRE clocked by sys_clk_pin  {rise@0.000ns fall@5.000ns period=10.000ns})
  Destination:            Slow_Clk_0/count_reg[3]/D
                            (rising edge-triggered cell FDRE clocked by sys_clk_pin  {rise@0.000ns fall@5.000ns period=10.000ns})
  Path Group:             sys_clk_pin
  Path Type:              Hold (Min at Fast Process Corner)
  Requirement:            0.000ns  (sys_clk_pin rise@0.000ns - sys_clk_pin rise@0.000ns)
  Data Path Delay:        0.385ns  (logic 0.252ns (65.529%)  route 0.133ns (34.471%))
  Logic Levels:           1  (CARRY4=1)
  Clock Path Skew:        0.000ns (DCD - SCD - CPR)
    Destination Clock Delay (DCD):    1.976ns
    Source Clock Delay      (SCD):    1.465ns
    Clock Pessimism Removal (CPR):    0.511ns

    Location             Delay type                Incr(ns)  Path(ns)    Netlist Resource(s)
  -------------------------------------------------------------------    -------------------
                         (clock sys_clk_pin rise edge)
                                                      0.000     0.000 r  
    W5                                                0.000     0.000 r  Clk (IN)
                         net (fo=0)                   0.000     0.000    Clk
    W5                   IBUF (Prop_ibuf_I_O)         0.226     0.226 r  Clk_IBUF_inst/O
                         net (fo=1, routed)           0.631     0.858    Clk_IBUF
    BUFGCTRL_X0Y0        BUFG (Prop_bufg_I_O)         0.026     0.884 r  Clk_IBUF_BUFG_inst/O
                         net (fo=34, routed)          0.582     1.465    Slow_Clk_0/Clk_IBUF_BUFG
    SLICE_X58Y23         FDRE                                         r  Slow_Clk_0/count_reg[3]/C
  -------------------------------------------------------------------    -------------------
    SLICE_X58Y23         FDRE (Prop_fdre_C_Q)         0.141     1.606 r  Slow_Clk_0/count_reg[3]/Q
                         net (fo=2, routed)           0.133     1.739    Slow_Clk_0/count[3]
    SLICE_X58Y23         CARRY4 (Prop_carry4_S[2]_O[2])
                                                      0.111     1.850 r  Slow_Clk_0/count_reg[4]_i_1/O[2]
                         net (fo=1, routed)           0.000     1.850    Slow_Clk_0/data0[3]
    SLICE_X58Y23         FDRE                                         r  Slow_Clk_0/count_reg[3]/D
  -------------------------------------------------------------------    -------------------

                         (clock sys_clk_pin rise edge)
                                                      0.000     0.000 r  
    W5                                                0.000     0.000 r  Clk (IN)
                         net (fo=0)                   0.000     0.000    Clk
    W5                   IBUF (Prop_ibuf_I_O)         0.414     0.414 r  Clk_IBUF_inst/O
                         net (fo=1, routed)           0.685     1.099    Clk_IBUF
    BUFGCTRL_X0Y0        BUFG (Prop_bufg_I_O)         0.029     1.128 r  Clk_IBUF_BUFG_inst/O
                         net (fo=34, routed)          0.849     1.976    Slow_Clk_0/Clk_IBUF_BUFG
    SLICE_X58Y23         FDRE                                         r  Slow_Clk_0/count_reg[3]/C
                         clock pessimism             -0.511     1.465    
    SLICE_X58Y23         FDRE (Hold_fdre_C_D)         0.105     1.570    Slow_Clk_0/count_reg[3]
  -------------------------------------------------------------------
                         required time                         -1.570    
                         arrival time                           1.850    
  -------------------------------------------------------------------
                         slack                                  0.280    

Slack (MET) :             0.280ns  (arrival time - required time)
  Source:                 Slow_Clk_0/count_reg[23]/C
                            (rising edge-triggered cell FDRE clocked by sys_clk_pin  {rise@0.000ns fall@5.000ns period=10.000ns})
  Destination:            Slow_Clk_0/count_reg[23]/D
                            (rising edge-triggered cell FDRE clocked by sys_clk_pin  {rise@0.000ns fall@5.000ns period=10.000ns})
  Path Group:             sys_clk_pin
  Path Type:              Hold (Min at Fast Process Corner)
  Requirement:            0.000ns  (sys_clk_pin rise@0.000ns - sys_clk_pin rise@0.000ns)
  Data Path Delay:        0.385ns  (logic 0.252ns (65.465%)  route 0.133ns (34.535%))
  Logic Levels:           1  (CARRY4=1)
  Clock Path Skew:        0.000ns (DCD - SCD - CPR)
    Destination Clock Delay (DCD):    1.979ns
    Source Clock Delay      (SCD):    1.467ns
    Clock Pessimism Removal (CPR):    0.512ns

    Location             Delay type                Incr(ns)  Path(ns)    Netlist Resource(s)
  -------------------------------------------------------------------    -------------------
                         (clock sys_clk_pin rise edge)
                                                      0.000     0.000 r  
    W5                                                0.000     0.000 r  Clk (IN)
                         net (fo=0)                   0.000     0.000    Clk
    W5                   IBUF (Prop_ibuf_I_O)         0.226     0.226 r  Clk_IBUF_inst/O
                         net (fo=1, routed)           0.631     0.858    Clk_IBUF
    BUFGCTRL_X0Y0        BUFG (Prop_bufg_I_O)         0.026     0.884 r  Clk_IBUF_BUFG_inst/O
                         net (fo=34, routed)          0.584     1.467    Slow_Clk_0/Clk_IBUF_BUFG
    SLICE_X58Y28         FDRE                                         r  Slow_Clk_0/count_reg[23]/C
  -------------------------------------------------------------------    -------------------
    SLICE_X58Y28         FDRE (Prop_fdre_C_Q)         0.141     1.608 r  Slow_Clk_0/count_reg[23]/Q
                         net (fo=2, routed)           0.133     1.741    Slow_Clk_0/count[23]
    SLICE_X58Y28         CARRY4 (Prop_carry4_S[2]_O[2])
                                                      0.111     1.852 r  Slow_Clk_0/count_reg[24]_i_1/O[2]
                         net (fo=1, routed)           0.000     1.852    Slow_Clk_0/data0[23]
    SLICE_X58Y28         FDRE                                         r  Slow_Clk_0/count_reg[23]/D
  -------------------------------------------------------------------    -------------------

                         (clock sys_clk_pin rise edge)
                                                      0.000     0.000 r  
    W5                                                0.000     0.000 r  Clk (IN)
                         net (fo=0)                   0.000     0.000    Clk
    W5                   IBUF (Prop_ibuf_I_O)         0.414     0.414 r  Clk_IBUF_inst/O
                         net (fo=1, routed)           0.685     1.099    Clk_IBUF
    BUFGCTRL_X0Y0        BUFG (Prop_bufg_I_O)         0.029     1.128 r  Clk_IBUF_BUFG_inst/O
                         net (fo=34, routed)          0.852     1.979    Slow_Clk_0/Clk_IBUF_BUFG
    SLICE_X58Y28         FDRE                                         r  Slow_Clk_0/count_reg[23]/C
                         clock pessimism             -0.512     1.467    
    SLICE_X58Y28         FDRE (Hold_fdre_C_D)         0.105     1.572    Slow_Clk_0/count_reg[23]
  -------------------------------------------------------------------
                         required time                         -1.572    
                         arrival time                           1.852    
  -------------------------------------------------------------------
                         slack                                  0.280    

Slack (MET) :             0.280ns  (arrival time - required time)
  Source:                 Slow_Clk_0/count_reg[19]/C
                            (rising edge-triggered cell FDRE clocked by sys_clk_pin  {rise@0.000ns fall@5.000ns period=10.000ns})
  Destination:            Slow_Clk_0/count_reg[19]/D
                            (rising edge-triggered cell FDRE clocked by sys_clk_pin  {rise@0.000ns fall@5.000ns period=10.000ns})
  Path Group:             sys_clk_pin
  Path Type:              Hold (Min at Fast Process Corner)
  Requirement:            0.000ns  (sys_clk_pin rise@0.000ns - sys_clk_pin rise@0.000ns)
  Data Path Delay:        0.385ns  (logic 0.252ns (65.465%)  route 0.133ns (34.535%))
  Logic Levels:           1  (CARRY4=1)
  Clock Path Skew:        0.000ns (DCD - SCD - CPR)
    Destination Clock Delay (DCD):    1.978ns
    Source Clock Delay      (SCD):    1.467ns
    Clock Pessimism Removal (CPR):    0.511ns

    Location             Delay type                Incr(ns)  Path(ns)    Netlist Resource(s)
  -------------------------------------------------------------------    -------------------
                         (clock sys_clk_pin rise edge)
                                                      0.000     0.000 r  
    W5                                                0.000     0.000 r  Clk (IN)
                         net (fo=0)                   0.000     0.000    Clk
    W5                   IBUF (Prop_ibuf_I_O)         0.226     0.226 r  Clk_IBUF_inst/O
                         net (fo=1, routed)           0.631     0.858    Clk_IBUF
    BUFGCTRL_X0Y0        BUFG (Prop_bufg_I_O)         0.026     0.884 r  Clk_IBUF_BUFG_inst/O
                         net (fo=34, routed)          0.584     1.467    Slow_Clk_0/Clk_IBUF_BUFG
    SLICE_X58Y27         FDRE                                         r  Slow_Clk_0/count_reg[19]/C
  -------------------------------------------------------------------    -------------------
    SLICE_X58Y27         FDRE (Prop_fdre_C_Q)         0.141     1.608 r  Slow_Clk_0/count_reg[19]/Q
                         net (fo=2, routed)           0.133     1.741    Slow_Clk_0/count[19]
    SLICE_X58Y27         CARRY4 (Prop_carry4_S[2]_O[2])
                                                      0.111     1.852 r  Slow_Clk_0/count_reg[20]_i_1/O[2]
                         net (fo=1, routed)           0.000     1.852    Slow_Clk_0/data0[19]
    SLICE_X58Y27         FDRE                                         r  Slow_Clk_0/count_reg[19]/D
  -------------------------------------------------------------------    -------------------

                         (clock sys_clk_pin rise edge)
                                                      0.000     0.000 r  
    W5                                                0.000     0.000 r  Clk (IN)
                         net (fo=0)                   0.000     0.000    Clk
    W5                   IBUF (Prop_ibuf_I_O)         0.414     0.414 r  Clk_IBUF_inst/O
                         net (fo=1, routed)           0.685     1.099    Clk_IBUF
    BUFGCTRL_X0Y0        BUFG (Prop_bufg_I_O)         0.029     1.128 r  Clk_IBUF_BUFG_inst/O
                         net (fo=34, routed)          0.851     1.978    Slow_Clk_0/Clk_IBUF_BUFG
    SLICE_X58Y27         FDRE                                         r  Slow_Clk_0/count_reg[19]/C
                         clock pessimism             -0.511     1.467    
    SLICE_X58Y27         FDRE (Hold_fdre_C_D)         0.105     1.572    Slow_Clk_0/count_reg[19]
  -------------------------------------------------------------------
                         required time                         -1.572    
                         arrival time                           1.852    
  -------------------------------------------------------------------
                         slack                                  0.280    

Slack (MET) :             0.280ns  (arrival time - required time)
  Source:                 Slow_Clk_0/count_reg[27]/C
                            (rising edge-triggered cell FDRE clocked by sys_clk_pin  {rise@0.000ns fall@5.000ns period=10.000ns})
  Destination:            Slow_Clk_0/count_reg[27]/D
                            (rising edge-triggered cell FDRE clocked by sys_clk_pin  {rise@0.000ns fall@5.000ns period=10.000ns})
  Path Group:             sys_clk_pin
  Path Type:              Hold (Min at Fast Process Corner)
  Requirement:            0.000ns  (sys_clk_pin rise@0.000ns - sys_clk_pin rise@0.000ns)
  Data Path Delay:        0.385ns  (logic 0.252ns (65.465%)  route 0.133ns (34.535%))
  Logic Levels:           1  (CARRY4=1)
  Clock Path Skew:        0.000ns (DCD - SCD - CPR)
    Destination Clock Delay (DCD):    1.980ns
    Source Clock Delay      (SCD):    1.468ns
    Clock Pessimism Removal (CPR):    0.512ns

    Location             Delay type                Incr(ns)  Path(ns)    Netlist Resource(s)
  -------------------------------------------------------------------    -------------------
                         (clock sys_clk_pin rise edge)
                                                      0.000     0.000 r  
    W5                                                0.000     0.000 r  Clk (IN)
                         net (fo=0)                   0.000     0.000    Clk
    W5                   IBUF (Prop_ibuf_I_O)         0.226     0.226 r  Clk_IBUF_inst/O
                         net (fo=1, routed)           0.631     0.858    Clk_IBUF
    BUFGCTRL_X0Y0        BUFG (Prop_bufg_I_O)         0.026     0.884 r  Clk_IBUF_BUFG_inst/O
                         net (fo=34, routed)          0.585     1.468    Slow_Clk_0/Clk_IBUF_BUFG
    SLICE_X58Y29         FDRE                                         r  Slow_Clk_0/count_reg[27]/C
  -------------------------------------------------------------------    -------------------
    SLICE_X58Y29         FDRE (Prop_fdre_C_Q)         0.141     1.609 r  Slow_Clk_0/count_reg[27]/Q
                         net (fo=2, routed)           0.133     1.742    Slow_Clk_0/count[27]
    SLICE_X58Y29         CARRY4 (Prop_carry4_S[2]_O[2])
                                                      0.111     1.853 r  Slow_Clk_0/count_reg[28]_i_1/O[2]
                         net (fo=1, routed)           0.000     1.853    Slow_Clk_0/data0[27]
    SLICE_X58Y29         FDRE                                         r  Slow_Clk_0/count_reg[27]/D
  -------------------------------------------------------------------    -------------------

                         (clock sys_clk_pin rise edge)
                                                      0.000     0.000 r  
    W5                                                0.000     0.000 r  Clk (IN)
                         net (fo=0)                   0.000     0.000    Clk
    W5                   IBUF (Prop_ibuf_I_O)         0.414     0.414 r  Clk_IBUF_inst/O
                         net (fo=1, routed)           0.685     1.099    Clk_IBUF
    BUFGCTRL_X0Y0        BUFG (Prop_bufg_I_O)         0.029     1.128 r  Clk_IBUF_BUFG_inst/O
                         net (fo=34, routed)          0.853     1.980    Slow_Clk_0/Clk_IBUF_BUFG
    SLICE_X58Y29         FDRE                                         r  Slow_Clk_0/count_reg[27]/C
                         clock pessimism             -0.512     1.468    
    SLICE_X58Y29         FDRE (Hold_fdre_C_D)         0.105     1.573    Slow_Clk_0/count_reg[27]
  -------------------------------------------------------------------
                         required time                         -1.573    
                         arrival time                           1.853    
  -------------------------------------------------------------------
                         slack                                  0.280    

Slack (MET) :             0.280ns  (arrival time - required time)
  Source:                 Slow_Clk_0/count_reg[7]/C
                            (rising edge-triggered cell FDRE clocked by sys_clk_pin  {rise@0.000ns fall@5.000ns period=10.000ns})
  Destination:            Slow_Clk_0/count_reg[7]/D
                            (rising edge-triggered cell FDRE clocked by sys_clk_pin  {rise@0.000ns fall@5.000ns period=10.000ns})
  Path Group:             sys_clk_pin
  Path Type:              Hold (Min at Fast Process Corner)
  Requirement:            0.000ns  (sys_clk_pin rise@0.000ns - sys_clk_pin rise@0.000ns)
  Data Path Delay:        0.385ns  (logic 0.252ns (65.465%)  route 0.133ns (34.535%))
  Logic Levels:           1  (CARRY4=1)
  Clock Path Skew:        0.000ns (DCD - SCD - CPR)
    Destination Clock Delay (DCD):    1.975ns
    Source Clock Delay      (SCD):    1.464ns
    Clock Pessimism Removal (CPR):    0.511ns

    Location             Delay type                Incr(ns)  Path(ns)    Netlist Resource(s)
  -------------------------------------------------------------------    -------------------
                         (clock sys_clk_pin rise edge)
                                                      0.000     0.000 r  
    W5                                                0.000     0.000 r  Clk (IN)
                         net (fo=0)                   0.000     0.000    Clk
    W5                   IBUF (Prop_ibuf_I_O)         0.226     0.226 r  Clk_IBUF_inst/O
                         net (fo=1, routed)           0.631     0.858    Clk_IBUF
    BUFGCTRL_X0Y0        BUFG (Prop_bufg_I_O)         0.026     0.884 r  Clk_IBUF_BUFG_inst/O
                         net (fo=34, routed)          0.581     1.464    Slow_Clk_0/Clk_IBUF_BUFG
    SLICE_X58Y24         FDRE                                         r  Slow_Clk_0/count_reg[7]/C
  -------------------------------------------------------------------    -------------------
    SLICE_X58Y24         FDRE (Prop_fdre_C_Q)         0.141     1.605 r  Slow_Clk_0/count_reg[7]/Q
                         net (fo=2, routed)           0.133     1.738    Slow_Clk_0/count[7]
    SLICE_X58Y24         CARRY4 (Prop_carry4_S[2]_O[2])
                                                      0.111     1.849 r  Slow_Clk_0/count_reg[8]_i_1/O[2]
                         net (fo=1, routed)           0.000     1.849    Slow_Clk_0/data0[7]
    SLICE_X58Y24         FDRE                                         r  Slow_Clk_0/count_reg[7]/D
  -------------------------------------------------------------------    -------------------

                         (clock sys_clk_pin rise edge)
                                                      0.000     0.000 r  
    W5                                                0.000     0.000 r  Clk (IN)
                         net (fo=0)                   0.000     0.000    Clk
    W5                   IBUF (Prop_ibuf_I_O)         0.414     0.414 r  Clk_IBUF_inst/O
                         net (fo=1, routed)           0.685     1.099    Clk_IBUF
    BUFGCTRL_X0Y0        BUFG (Prop_bufg_I_O)         0.029     1.128 r  Clk_IBUF_BUFG_inst/O
                         net (fo=34, routed)          0.848     1.975    Slow_Clk_0/Clk_IBUF_BUFG
    SLICE_X58Y24         FDRE                                         r  Slow_Clk_0/count_reg[7]/C
                         clock pessimism             -0.511     1.464    
    SLICE_X58Y24         FDRE (Hold_fdre_C_D)         0.105     1.569    Slow_Clk_0/count_reg[7]
  -------------------------------------------------------------------
                         required time                         -1.569    
                         arrival time                           1.849    
  -------------------------------------------------------------------
                         slack                                  0.280    

Slack (MET) :             0.280ns  (arrival time - required time)
  Source:                 Slow_Clk_0/count_reg[15]/C
                            (rising edge-triggered cell FDRE clocked by sys_clk_pin  {rise@0.000ns fall@5.000ns period=10.000ns})
  Destination:            Slow_Clk_0/count_reg[15]/D
                            (rising edge-triggered cell FDRE clocked by sys_clk_pin  {rise@0.000ns fall@5.000ns period=10.000ns})
  Path Group:             sys_clk_pin
  Path Type:              Hold (Min at Fast Process Corner)
  Requirement:            0.000ns  (sys_clk_pin rise@0.000ns - sys_clk_pin rise@0.000ns)
  Data Path Delay:        0.385ns  (logic 0.252ns (65.465%)  route 0.133ns (34.535%))
  Logic Levels:           1  (CARRY4=1)
  Clock Path Skew:        0.000ns (DCD - SCD - CPR)
    Destination Clock Delay (DCD):    1.976ns
    Source Clock Delay      (SCD):    1.465ns
    Clock Pessimism Removal (CPR):    0.511ns

    Location             Delay type                Incr(ns)  Path(ns)    Netlist Resource(s)
  -------------------------------------------------------------------    -------------------
                         (clock sys_clk_pin rise edge)
                                                      0.000     0.000 r  
    W5                                                0.000     0.000 r  Clk (IN)
                         net (fo=0)                   0.000     0.000    Clk
    W5                   IBUF (Prop_ibuf_I_O)         0.226     0.226 r  Clk_IBUF_inst/O
                         net (fo=1, routed)           0.631     0.858    Clk_IBUF
    BUFGCTRL_X0Y0        BUFG (Prop_bufg_I_O)         0.026     0.884 r  Clk_IBUF_BUFG_inst/O
                         net (fo=34, routed)          0.582     1.465    Slow_Clk_0/Clk_IBUF_BUFG
    SLICE_X58Y26         FDRE                                         r  Slow_Clk_0/count_reg[15]/C
  -------------------------------------------------------------------    -------------------
    SLICE_X58Y26         FDRE (Prop_fdre_C_Q)         0.141     1.606 r  Slow_Clk_0/count_reg[15]/Q
                         net (fo=2, routed)           0.133     1.739    Slow_Clk_0/count[15]
    SLICE_X58Y26         CARRY4 (Prop_carry4_S[2]_O[2])
                                                      0.111     1.850 r  Slow_Clk_0/count_reg[16]_i_1/O[2]
                         net (fo=1, routed)           0.000     1.850    Slow_Clk_0/data0[15]
    SLICE_X58Y26         FDRE                                         r  Slow_Clk_0/count_reg[15]/D
  -------------------------------------------------------------------    -------------------

                         (clock sys_clk_pin rise edge)
                                                      0.000     0.000 r  
    W5                                                0.000     0.000 r  Clk (IN)
                         net (fo=0)                   0.000     0.000    Clk
    W5                   IBUF (Prop_ibuf_I_O)         0.414     0.414 r  Clk_IBUF_inst/O
                         net (fo=1, routed)           0.685     1.099    Clk_IBUF
    BUFGCTRL_X0Y0        BUFG (Prop_bufg_I_O)         0.029     1.128 r  Clk_IBUF_BUFG_inst/O
                         net (fo=34, routed)          0.849     1.976    Slow_Clk_0/Clk_IBUF_BUFG
    SLICE_X58Y26         FDRE                                         r  Slow_Clk_0/count_reg[15]/C
                         clock pessimism             -0.511     1.465    
    SLICE_X58Y26         FDRE (Hold_fdre_C_D)         0.105     1.570    Slow_Clk_0/count_reg[15]
  -------------------------------------------------------------------
                         required time                         -1.570    
                         arrival time                           1.850    
  -------------------------------------------------------------------
                         slack                                  0.280    

Slack (MET) :             0.281ns  (arrival time - required time)
  Source:                 Slow_Clk_0/count_reg[31]/C
                            (rising edge-triggered cell FDRE clocked by sys_clk_pin  {rise@0.000ns fall@5.000ns period=10.000ns})
  Destination:            Slow_Clk_0/count_reg[31]/D
                            (rising edge-triggered cell FDRE clocked by sys_clk_pin  {rise@0.000ns fall@5.000ns period=10.000ns})
  Path Group:             sys_clk_pin
  Path Type:              Hold (Min at Fast Process Corner)
  Requirement:            0.000ns  (sys_clk_pin rise@0.000ns - sys_clk_pin rise@0.000ns)
  Data Path Delay:        0.386ns  (logic 0.252ns (65.343%)  route 0.134ns (34.657%))
  Logic Levels:           1  (CARRY4=1)
  Clock Path Skew:        0.000ns (DCD - SCD - CPR)
    Destination Clock Delay (DCD):    1.981ns
    Source Clock Delay      (SCD):    1.469ns
    Clock Pessimism Removal (CPR):    0.512ns

    Location             Delay type                Incr(ns)  Path(ns)    Netlist Resource(s)
  -------------------------------------------------------------------    -------------------
                         (clock sys_clk_pin rise edge)
                                                      0.000     0.000 r  
    W5                                                0.000     0.000 r  Clk (IN)
                         net (fo=0)                   0.000     0.000    Clk
    W5                   IBUF (Prop_ibuf_I_O)         0.226     0.226 r  Clk_IBUF_inst/O
                         net (fo=1, routed)           0.631     0.858    Clk_IBUF
    BUFGCTRL_X0Y0        BUFG (Prop_bufg_I_O)         0.026     0.884 r  Clk_IBUF_BUFG_inst/O
                         net (fo=34, routed)          0.586     1.469    Slow_Clk_0/Clk_IBUF_BUFG
    SLICE_X58Y30         FDRE                                         r  Slow_Clk_0/count_reg[31]/C
  -------------------------------------------------------------------    -------------------
    SLICE_X58Y30         FDRE (Prop_fdre_C_Q)         0.141     1.610 r  Slow_Clk_0/count_reg[31]/Q
                         net (fo=2, routed)           0.134     1.744    Slow_Clk_0/count[31]
    SLICE_X58Y30         CARRY4 (Prop_carry4_S[2]_O[2])
                                                      0.111     1.855 r  Slow_Clk_0/count_reg[31]_i_2/O[2]
                         net (fo=1, routed)           0.000     1.855    Slow_Clk_0/data0[31]
    SLICE_X58Y30         FDRE                                         r  Slow_Clk_0/count_reg[31]/D
  -------------------------------------------------------------------    -------------------

                         (clock sys_clk_pin rise edge)
                                                      0.000     0.000 r  
    W5                                                0.000     0.000 r  Clk (IN)
                         net (fo=0)                   0.000     0.000    Clk
    W5                   IBUF (Prop_ibuf_I_O)         0.414     0.414 r  Clk_IBUF_inst/O
                         net (fo=1, routed)           0.685     1.099    Clk_IBUF
    BUFGCTRL_X0Y0        BUFG (Prop_bufg_I_O)         0.029     1.128 r  Clk_IBUF_BUFG_inst/O
                         net (fo=34, routed)          0.854     1.981    Slow_Clk_0/Clk_IBUF_BUFG
    SLICE_X58Y30         FDRE                                         r  Slow_Clk_0/count_reg[31]/C
                         clock pessimism             -0.512     1.469    
    SLICE_X58Y30         FDRE (Hold_fdre_C_D)         0.105     1.574    Slow_Clk_0/count_reg[31]
  -------------------------------------------------------------------
                         required time                         -1.574    
                         arrival time                           1.855    
  -------------------------------------------------------------------
                         slack                                  0.281    

Slack (MET) :             0.313ns  (arrival time - required time)
  Source:                 Slow_Clk_0/count_reg[11]/C
                            (rising edge-triggered cell FDRE clocked by sys_clk_pin  {rise@0.000ns fall@5.000ns period=10.000ns})
  Destination:            Slow_Clk_0/count_reg[12]/D
                            (rising edge-triggered cell FDRE clocked by sys_clk_pin  {rise@0.000ns fall@5.000ns period=10.000ns})
  Path Group:             sys_clk_pin
  Path Type:              Hold (Min at Fast Process Corner)
  Requirement:            0.000ns  (sys_clk_pin rise@0.000ns - sys_clk_pin rise@0.000ns)
  Data Path Delay:        0.418ns  (logic 0.285ns (68.254%)  route 0.133ns (31.747%))
  Logic Levels:           1  (CARRY4=1)
  Clock Path Skew:        0.000ns (DCD - SCD - CPR)
    Destination Clock Delay (DCD):    1.975ns
    Source Clock Delay      (SCD):    1.464ns
    Clock Pessimism Removal (CPR):    0.511ns

    Location             Delay type                Incr(ns)  Path(ns)    Netlist Resource(s)
  -------------------------------------------------------------------    -------------------
                         (clock sys_clk_pin rise edge)
                                                      0.000     0.000 r  
    W5                                                0.000     0.000 r  Clk (IN)
                         net (fo=0)                   0.000     0.000    Clk
    W5                   IBUF (Prop_ibuf_I_O)         0.226     0.226 r  Clk_IBUF_inst/O
                         net (fo=1, routed)           0.631     0.858    Clk_IBUF
    BUFGCTRL_X0Y0        BUFG (Prop_bufg_I_O)         0.026     0.884 r  Clk_IBUF_BUFG_inst/O
                         net (fo=34, routed)          0.581     1.464    Slow_Clk_0/Clk_IBUF_BUFG
    SLICE_X58Y25         FDRE                                         r  Slow_Clk_0/count_reg[11]/C
  -------------------------------------------------------------------    -------------------
    SLICE_X58Y25         FDRE (Prop_fdre_C_Q)         0.141     1.605 r  Slow_Clk_0/count_reg[11]/Q
                         net (fo=2, routed)           0.133     1.738    Slow_Clk_0/count[11]
    SLICE_X58Y25         CARRY4 (Prop_carry4_S[2]_O[3])
                                                      0.144     1.882 r  Slow_Clk_0/count_reg[12]_i_1/O[3]
                         net (fo=1, routed)           0.000     1.882    Slow_Clk_0/data0[12]
    SLICE_X58Y25         FDRE                                         r  Slow_Clk_0/count_reg[12]/D
  -------------------------------------------------------------------    -------------------

                         (clock sys_clk_pin rise edge)
                                                      0.000     0.000 r  
    W5                                                0.000     0.000 r  Clk (IN)
                         net (fo=0)                   0.000     0.000    Clk
    W5                   IBUF (Prop_ibuf_I_O)         0.414     0.414 r  Clk_IBUF_inst/O
                         net (fo=1, routed)           0.685     1.099    Clk_IBUF
    BUFGCTRL_X0Y0        BUFG (Prop_bufg_I_O)         0.029     1.128 r  Clk_IBUF_BUFG_inst/O
                         net (fo=34, routed)          0.848     1.975    Slow_Clk_0/Clk_IBUF_BUFG
    SLICE_X58Y25         FDRE                                         r  Slow_Clk_0/count_reg[12]/C
                         clock pessimism             -0.511     1.464    
    SLICE_X58Y25         FDRE (Hold_fdre_C_D)         0.105     1.569    Slow_Clk_0/count_reg[12]
  -------------------------------------------------------------------
                         required time                         -1.569    
                         arrival time                           1.882    
  -------------------------------------------------------------------
                         slack                                  0.313    





Pulse Width Checks
--------------------------------------------------------------------------------------
Clock Name:         sys_clk_pin
Waveform(ns):       { 0.000 5.000 }
Period(ns):         10.000
Sources:            { Clk }

Check Type        Corner  Lib Pin  Reference Pin  Required(ns)  Actual(ns)  Slack(ns)  Location       Pin
Min Period        n/a     BUFG/I   n/a            2.155         10.000      7.845      BUFGCTRL_X0Y0  Clk_IBUF_BUFG_inst/I
Min Period        n/a     FDRE/C   n/a            1.000         10.000      9.000      SLICE_X59Y23   Slow_Clk_0/Clk_out_reg/C
Min Period        n/a     FDRE/C   n/a            1.000         10.000      9.000      SLICE_X59Y23   Slow_Clk_0/clk_status_reg/C
Min Period        n/a     FDRE/C   n/a            1.000         10.000      9.000      SLICE_X59Y23   Slow_Clk_0/count_reg[0]/C
Min Period        n/a     FDRE/C   n/a            1.000         10.000      9.000      SLICE_X58Y25   Slow_Clk_0/count_reg[10]/C
Min Period        n/a     FDRE/C   n/a            1.000         10.000      9.000      SLICE_X58Y25   Slow_Clk_0/count_reg[11]/C
Min Period        n/a     FDRE/C   n/a            1.000         10.000      9.000      SLICE_X58Y25   Slow_Clk_0/count_reg[12]/C
Min Period        n/a     FDRE/C   n/a            1.000         10.000      9.000      SLICE_X58Y26   Slow_Clk_0/count_reg[13]/C
Min Period        n/a     FDRE/C   n/a            1.000         10.000      9.000      SLICE_X58Y26   Slow_Clk_0/count_reg[14]/C
Min Period        n/a     FDRE/C   n/a            1.000         10.000      9.000      SLICE_X58Y26   Slow_Clk_0/count_reg[15]/C
Low Pulse Width   Slow    FDRE/C   n/a            0.500         5.000       4.500      SLICE_X58Y29   Slow_Clk_0/count_reg[25]/C
Low Pulse Width   Slow    FDRE/C   n/a            0.500         5.000       4.500      SLICE_X58Y29   Slow_Clk_0/count_reg[26]/C
Low Pulse Width   Slow    FDRE/C   n/a            0.500         5.000       4.500      SLICE_X58Y29   Slow_Clk_0/count_reg[27]/C
Low Pulse Width   Slow    FDRE/C   n/a            0.500         5.000       4.500      SLICE_X58Y29   Slow_Clk_0/count_reg[28]/C
Low Pulse Width   Slow    FDRE/C   n/a            0.500         5.000       4.500      SLICE_X58Y30   Slow_Clk_0/count_reg[29]/C
Low Pulse Width   Slow    FDRE/C   n/a            0.500         5.000       4.500      SLICE_X58Y30   Slow_Clk_0/count_reg[30]/C
Low Pulse Width   Slow    FDRE/C   n/a            0.500         5.000       4.500      SLICE_X58Y30   Slow_Clk_0/count_reg[31]/C
Low Pulse Width   Fast    FDRE/C   n/a            0.500         5.000       4.500      SLICE_X59Y23   Slow_Clk_0/Clk_out_reg/C
Low Pulse Width   Fast    FDRE/C   n/a            0.500         5.000       4.500      SLICE_X59Y23   Slow_Clk_0/clk_status_reg/C
Low Pulse Width   Fast    FDRE/C   n/a            0.500         5.000       4.500      SLICE_X59Y23   Slow_Clk_0/count_reg[0]/C
High Pulse Width  Slow    FDRE/C   n/a            0.500         5.000       4.500      SLICE_X59Y23   Slow_Clk_0/Clk_out_reg/C
High Pulse Width  Slow    FDRE/C   n/a            0.500         5.000       4.500      SLICE_X59Y23   Slow_Clk_0/clk_status_reg/C
High Pulse Width  Slow    FDRE/C   n/a            0.500         5.000       4.500      SLICE_X59Y23   Slow_Clk_0/count_reg[0]/C
High Pulse Width  Slow    FDRE/C   n/a            0.500         5.000       4.500      SLICE_X58Y25   Slow_Clk_0/count_reg[10]/C
High Pulse Width  Fast    FDRE/C   n/a            0.500         5.000       4.500      SLICE_X58Y25   Slow_Clk_0/count_reg[10]/C
High Pulse Width  Slow    FDRE/C   n/a            0.500         5.000       4.500      SLICE_X58Y25   Slow_Clk_0/count_reg[11]/C
High Pulse Width  Fast    FDRE/C   n/a            0.500         5.000       4.500      SLICE_X58Y25   Slow_Clk_0/count_reg[11]/C
High Pulse Width  Slow    FDRE/C   n/a            0.500         5.000       4.500      SLICE_X58Y25   Slow_Clk_0/count_reg[12]/C
High Pulse Width  Fast    FDRE/C   n/a            0.500         5.000       4.500      SLICE_X58Y25   Slow_Clk_0/count_reg[12]/C
High Pulse Width  Slow    FDRE/C   n/a            0.500         5.000       4.500      SLICE_X58Y26   Slow_Clk_0/count_reg[13]/C



