#-----------------------------------------------------------
# Vivado v2018.2 (64-bit)
# SW Build 2258646 on Thu Jun 14 20:03:12 MDT 2018
# IP Build 2256618 on Thu Jun 14 22:10:49 MDT 2018
# Start of session at: Fri Aug 12 17:25:59 2022
# Process ID: 15132
# Current directory: C:/Users/Navindu DS/Desktop/AnotherNewGroup33/Microprocessor_Group_33
# Command line: vivado.exe -gui_launcher_event rodinguilauncherevent15112 C:\Users\Navindu DS\Desktop\AnotherNewGroup33\Microprocessor_Group_33\Microprocessor_Group_33.xpr
# Log file: C:/Users/Navindu DS/Desktop/AnotherNewGroup33/Microprocessor_Group_33/vivado.log
# Journal file: C:/Users/Navindu DS/Desktop/AnotherNewGroup33/Microprocessor_Group_33\vivado.jou
#-----------------------------------------------------------
start_gui
open_project {C:/Users/Navindu DS/Desktop/AnotherNewGroup33/Microprocessor_Group_33/Microprocessor_Group_33.xpr}
Scanning sources...
Finished scanning sources
INFO: [IP_Flow 19-234] Refreshing IP repositories
INFO: [IP_Flow 19-1704] No user IP repositories specified
INFO: [IP_Flow 19-2313] Loaded Vivado IP repository 'C:/Xilinx/Vivado/2018.2/data/ip'.
open_project: Time (s): cpu = 00:00:10 ; elapsed = 00:00:05 . Memory (MB): peak = 899.465 ; gain = 168.105
update_compile_order -fileset sources_1
exit
INFO: [Common 17-206] Exiting Vivado at Fri Aug 12 17:45:59 2022...
